2026-03-28 19:13:33,430 [INFO] werkzeug:  * Restarting with watchdog (windowsapi)
2026-03-28 19:13:42,909 [WARNING] werkzeug:  * Debugger is active!
2026-03-28 19:13:42,948 [INFO] werkzeug:  * Debugger PIN: 536-506-701
2026-03-28 19:14:01,390 [INFO] CV_Playground: Algorithm: Edge_canny | Params: {'low': 100, 'high': 200} | Time: 0.0412s | Status: SUCCESS
2026-03-28 19:14:07,113 [INFO] CV_Playground: Algorithm: Edge_canny | Params: {'low': 100, 'high': 250} | Time: 0.0175s | Status: SUCCESS
2026-03-28 19:14:07,445 [INFO] CV_Playground: Algorithm: Edge_canny | Params: {'low': 100, 'high': 255} | Time: 0.0191s | Status: SUCCESS
2026-03-28 19:14:11,948 [INFO] CV_Playground: Algorithm: Edge_canny | Params: {'low': 223, 'high': 255} | Time: 0.0162s | Status: SUCCESS
2026-03-28 19:14:12,330 [INFO] CV_Playground: Algorithm: Edge_canny | Params: {'low': 227, 'high': 255} | Time: 0.0109s | Status: SUCCESS
2026-03-28 19:14:14,463 [INFO] CV_Playground: Algorithm: Edge_canny | Params: {'low': 0, 'high': 255} | Time: 0.0237s | Status: SUCCESS
2026-03-28 19:14:17,230 [INFO] CV_Playground: Algorithm: Edge_canny | Params: {'low': 66, 'high': 255} | Time: 0.0215s | Status: SUCCESS
2026-03-28 19:14:17,880 [INFO] CV_Playground: Algorithm: Edge_canny | Params: {'low': 131, 'high': 255} | Time: 0.0175s | Status: SUCCESS
2026-03-28 19:14:20,913 [INFO] CV_Playground: Algorithm: Edge_sobel | Params: {'low': 131, 'high': 255} | Time: 0.0504s | Status: SUCCESS
2026-03-28 19:14:27,269 [INFO] CV_Playground: Algorithm: Edge_laplacian | Params: {'low': 131, 'high': 255} | Time: 0.0356s | Status: SUCCESS
2026-03-28 19:14:36,729 [INFO] CV_Playground: Algorithm: Feature_orb | Params: {'keypoints': 500} | Time: 0.5604s | Status: SUCCESS
2026-03-28 19:14:40,730 [INFO] CV_Playground: Algorithm: Feature_orb | Params: {'keypoints': 1008} | Time: 0.0389s | Status: SUCCESS
2026-03-28 19:14:41,080 [INFO] CV_Playground: Algorithm: Feature_orb | Params: {'keypoints': 1371} | Time: 0.0298s | Status: SUCCESS
2026-03-28 19:14:41,920 [INFO] CV_Playground: Algorithm: Feature_orb | Params: {'keypoints': 2000} | Time: 0.0368s | Status: SUCCESS
2026-03-28 19:14:55,399 [INFO] CV_Playground: Algorithm: Feature_sift | Params: {'keypoints': 1392} | Time: 0.4613s | Status: SUCCESS
2026-03-28 19:14:57,583 [ERROR] CV_Playground: API Error: OpenCV(4.9.0) :-1: error: (-5:Bad argument) in function 'KeyPoint'
> Overload resolution failed:
>  - Argument 'x' can not be safely parsed to 'float'

2026-03-28 19:17:26,097 [INFO] CV_Playground: Algorithm: Seg_kmeans | Params: {'k': 11} | Time: 139.3648s | Status: SUCCESS
2026-03-28 19:18:04,730 [INFO] CV_Playground: Algorithm: Depth_bm | Params: {'numDisparities': 64, 'blockSize': 15} | Time: 0.2354s | Status: SUCCESS
2026-03-28 19:18:07,590 [INFO] CV_Playground: Algorithm: Depth_bm | Params: {'numDisparities': 64, 'blockSize': 5} | Time: 0.2195s | Status: SUCCESS
2026-03-28 19:18:11,330 [INFO] CV_Playground: Algorithm: Depth_bm | Params: {'numDisparities': 128, 'blockSize': 5} | Time: 0.2821s | Status: SUCCESS
2026-03-28 19:18:12,957 [INFO] CV_Playground: Algorithm: Depth_bm | Params: {'numDisparities': 16, 'blockSize': 5} | Time: 0.0948s | Status: SUCCESS
2026-03-28 19:18:14,480 [INFO] CV_Playground: Algorithm: Depth_bm | Params: {'numDisparities': 64, 'blockSize': 5} | Time: 0.1704s | Status: SUCCESS
2026-03-28 19:18:15,791 [INFO] CV_Playground: Algorithm: Depth_bm | Params: {'numDisparities': 96, 'blockSize': 5} | Time: 0.4663s | Status: SUCCESS
2026-03-28 19:18:17,845 [INFO] CV_Playground: Algorithm: Depth_bm | Params: {'numDisparities': 96, 'blockSize': 29} | Time: 0.2759s | Status: SUCCESS
2026-03-28 19:18:19,304 [INFO] CV_Playground: Algorithm: Depth_bm | Params: {'numDisparities': 96, 'blockSize': 43} | Time: 0.4101s | Status: SUCCESS
2026-03-28 19:18:21,838 [INFO] CV_Playground: Algorithm: Depth_bm | Params: {'numDisparities': 96, 'blockSize': 51} | Time: 0.2582s | Status: SUCCESS
2026-03-28 19:18:32,723 [INFO] CV_Playground: Algorithm: ObjectDetection_YOLO | Params: {'objects': 8} | Time: 0.4157s | Status: SUCCESS
2026-03-28 19:19:13,669 [INFO] CV_Playground: Algorithm: Seg_kmeans | Params: {'k': 5} | Time: 22.3485s | Status: SUCCESS
2026-03-28 19:19:23,988 [INFO] CV_Playground: Algorithm: Seg_watershed | Params: {'k': 5} | Time: 0.1496s | Status: SUCCESS
2026-03-28 19:19:27,071 [INFO] CV_Playground: Algorithm: Seg_watershed | Params: {'k': 14} | Time: 0.1367s | Status: SUCCESS
2026-03-28 19:19:28,907 [INFO] CV_Playground: Algorithm: Seg_watershed | Params: {'k': 20} | Time: 0.1363s | Status: SUCCESS
2026-03-28 19:21:20,746 [INFO] werkzeug:  * Detected change in 'C:\\Users\\Uditya\\Desktop\\collage things\\Study Material\\sem 8\\2 computer vison\\Project of cv\\AI-Powered 3D Scene Reconstruction Dashboard\\src\\cv_engine.py', reloading
2026-03-28 19:21:28,024 [INFO] werkzeug:  * Restarting with watchdog (windowsapi)
2026-03-28 19:22:41,080 [WARNING] werkzeug:  * Debugger is active!
2026-03-28 19:22:41,109 [INFO] werkzeug:  * Debugger PIN: 536-506-701
2026-03-28 19:23:29,688 [INFO] CV_Playground: Algorithm: Edge_canny | Params: {'low': 100, 'high': 200} | Time: 0.0123s | Status: SUCCESS
2026-03-28 19:23:43,003 [INFO] CV_Playground: Algorithm: Edge_sobel | Params: {'low': 100, 'high': 200} | Time: 0.0337s | Status: SUCCESS
2026-03-28 19:23:50,159 [INFO] CV_Playground: Algorithm: Edge_sobel | Params: {'low': 171, 'high': 200} | Time: 0.0232s | Status: SUCCESS
2026-03-28 19:23:54,787 [INFO] CV_Playground: Algorithm: Edge_laplacian | Params: {'low': 171, 'high': 200} | Time: 0.0176s | Status: SUCCESS
2026-03-28 19:24:04,107 [INFO] CV_Playground: Algorithm: Feature_orb | Params: {'keypoints': 500} | Time: 0.6268s | Status: SUCCESS
2026-03-28 19:24:19,201 [INFO] CV_Playground: Algorithm: Feature_orb | Params: {'keypoints': 1372} | Time: 0.0804s | Status: SUCCESS
2026-03-28 19:24:35,957 [INFO] CV_Playground: Algorithm: Depth_bm | Params: {'numDisparities': 64, 'blockSize': 15} | Time: 0.1621s | Status: SUCCESS
2026-03-28 19:24:47,207 [INFO] CV_Playground: Algorithm: Depth_sgbm | Params: {'numDisparities': 64, 'blockSize': 15} | Time: 0.6188s | Status: SUCCESS
2026-03-28 19:24:50,180 [INFO] CV_Playground: Algorithm: Depth_sgbm | Params: {'numDisparities': 16, 'blockSize': 15} | Time: 0.3227s | Status: SUCCESS
2026-03-28 19:24:53,688 [INFO] CV_Playground: Algorithm: Depth_sgbm | Params: {'numDisparities': 16, 'blockSize': 31} | Time: 0.3475s | Status: SUCCESS
2026-03-28 19:25:04,880 [INFO] CV_Playground: Algorithm: ObjectDetection_YOLO | Params: {'objects': 5} | Time: 1.6389s | Status: SUCCESS
2026-03-28 19:25:19,007 [INFO] CV_Playground: Algorithm: ObjectDetection_YOLO | Params: {'objects': 5} | Time: 1.0323s | Status: SUCCESS
2026-03-28 19:25:44,384 [INFO] CV_Playground: Algorithm: Seg_kmeans | Params: {'k': 5} | Time: 13.0445s | Status: SUCCESS
2026-03-28 19:26:18,190 [INFO] CV_Playground: Algorithm: Seg_watershed | Params: {'k': 5} | Time: 0.1119s | Status: SUCCESS
2026-03-28 19:26:24,348 [INFO] CV_Playground: Algorithm: Seg_watershed | Params: {'k': 14} | Time: 0.1127s | Status: SUCCESS
2026-03-28 19:26:54,063 [INFO] CV_Playground: Algorithm: Seg_kmeans | Params: {'k': 14} | Time: 25.4846s | Status: SUCCESS
2026-03-28 19:27:04,815 [INFO] CV_Playground: Algorithm: Seg_kmeans | Params: {'k': 3} | Time: 6.0350s | Status: SUCCESS
2026-03-28 19:27:12,569 [INFO] CV_Playground: Algorithm: Edge_canny | Params: {'low': 100, 'high': 200} | Time: 0.0065s | Status: SUCCESS
2026-03-28 19:27:12,713 [INFO] CV_Playground: Algorithm: Edge_canny | Params: {'low': 100, 'high': 200} | Time: 0.0000s | Status: SUCCESS
2026-03-28 19:27:12,857 [INFO] CV_Playground: Algorithm: Edge_canny | Params: {'low': 100, 'high': 200} | Time: 0.0000s | Status: SUCCESS
2026-03-28 19:27:13,014 [INFO] CV_Playground: Algorithm: Edge_canny | Params: {'low': 100, 'high': 200} | Time: 0.0018s | Status: SUCCESS
2026-03-28 19:27:13,157 [INFO] CV_Playground: Algorithm: Edge_canny | Params: {'low': 100, 'high': 200} | Time: 0.0001s | Status: SUCCESS
2026-03-28 19:27:13,307 [INFO] CV_Playground: Algorithm: Edge_canny | Params: {'low': 100, 'high': 200} | Time: 0.0000s | Status: SUCCESS
2026-03-28 19:27:13,462 [INFO] CV_Playground: Algorithm: Edge_canny | Params: {'low': 100, 'high': 200} | Time: 0.0000s | Status: SUCCESS
2026-03-28 19:27:13,617 [INFO] CV_Playground: Algorithm: Edge_canny | Params: {'low': 100, 'high': 200} | Time: 0.0010s | Status: SUCCESS
2026-03-28 19:27:13,763 [INFO] CV_Playground: Algorithm: Edge_canny | Params: {'low': 100, 'high': 200} | Time: 0.0000s | Status: SUCCESS
2026-03-28 19:27:13,913 [INFO] CV_Playground: Algorithm: Edge_canny | Params: {'low': 100, 'high': 200} | Time: 0.0050s | Status: SUCCESS
2026-03-28 19:27:14,057 [INFO] CV_Playground: Algorithm: Edge_canny | Params: {'low': 100, 'high': 200} | Time: 0.0000s | Status: SUCCESS
2026-03-28 19:27:14,213 [INFO] CV_Playground: Algorithm: Edge_canny | Params: {'low': 100, 'high': 200} | Time: 0.0020s | Status: SUCCESS
2026-03-28 19:27:14,357 [INFO] CV_Playground: Algorithm: Edge_canny | Params: {'low': 100, 'high': 200} | Time: 0.0000s | Status: SUCCESS
2026-03-28 19:27:14,543 [INFO] CV_Playground: Algorithm: Edge_canny | Params: {'low': 100, 'high': 200} | Time: 0.0030s | Status: SUCCESS
2026-03-28 19:27:14,680 [INFO] CV_Playground: Algorithm: Edge_canny | Params: {'low': 100, 'high': 200} | Time: 0.0000s | Status: SUCCESS
2026-03-28 19:27:14,807 [INFO] CV_Playground: Algorithm: Edge_canny | Params: {'low': 100, 'high': 200} | Time: 0.0000s | Status: SUCCESS
2026-03-28 19:27:14,982 [INFO] CV_Playground: Algorithm: Edge_canny | Params: {'low': 100, 'high': 200} | Time: 0.0020s | Status: SUCCESS
2026-03-28 19:27:15,147 [INFO] CV_Playground: Algorithm: Edge_canny | Params: {'low': 100, 'high': 200} | Time: 0.0000s | Status: SUCCESS
2026-03-28 19:27:15,263 [INFO] CV_Playground: Algorithm: Edge_canny | Params: {'low': 100, 'high': 200} | Time: 0.0010s | Status: SUCCESS
2026-03-28 19:27:15,440 [INFO] CV_Playground: Algorithm: Edge_canny | Params: {'low': 100, 'high': 200} | Time: 0.0020s | Status: SUCCESS
2026-03-28 19:27:15,557 [INFO] CV_Playground: Algorithm: Edge_canny | Params: {'low': 100, 'high': 200} | Time: 0.0020s | Status: SUCCESS
2026-03-28 19:27:15,711 [INFO] CV_Playground: Algorithm: Edge_canny | Params: {'low': 100, 'high': 200} | Time: 0.0020s | Status: SUCCESS
2026-03-28 19:27:15,878 [INFO] CV_Playground: Algorithm: Edge_canny | Params: {'low': 100, 'high': 200} | Time: 0.0022s | Status: SUCCESS
2026-03-28 19:27:16,019 [INFO] CV_Playground: Algorithm: Edge_canny | Params: {'low': 100, 'high': 200} | Time: 0.0010s | Status: SUCCESS
2026-03-28 19:27:16,165 [INFO] CV_Playground: Algorithm: Edge_canny | Params: {'low': 100, 'high': 200} | Time: 0.0010s | Status: SUCCESS
2026-03-28 19:27:16,309 [INFO] CV_Playground: Algorithm: Edge_canny | Params: {'low': 100, 'high': 200} | Time: 0.0020s | Status: SUCCESS
2026-03-28 19:27:16,457 [INFO] CV_Playground: Algorithm: Edge_canny | Params: {'low': 100, 'high': 200} | Time: 0.0010s | Status: SUCCESS
2026-03-28 19:27:16,632 [INFO] CV_Playground: Algorithm: Edge_canny | Params: {'low': 100, 'high': 200} | Time: 0.0020s | Status: SUCCESS
2026-03-28 19:27:16,756 [INFO] CV_Playground: Algorithm: Edge_canny | Params: {'low': 100, 'high': 200} | Time: 0.0019s | Status: SUCCESS
2026-03-28 19:27:16,920 [INFO] CV_Playground: Algorithm: Edge_canny | Params: {'low': 100, 'high': 200} | Time: 0.0020s | Status: SUCCESS
2026-03-28 19:27:17,057 [INFO] CV_Playground: Algorithm: Edge_canny | Params: {'low': 100, 'high': 200} | Time: 0.0010s | Status: SUCCESS
2026-03-28 19:27:17,208 [INFO] CV_Playground: Algorithm: Edge_canny | Params: {'low': 100, 'high': 200} | Time: 0.0009s | Status: SUCCESS
2026-03-28 19:27:17,352 [INFO] CV_Playground: Algorithm: Edge_canny | Params: {'low': 100, 'high': 200} | Time: 0.0010s | Status: SUCCESS
2026-03-28 19:27:17,538 [INFO] CV_Playground: Algorithm: Edge_canny | Params: {'low': 100, 'high': 200} | Time: 0.0052s | Status: SUCCESS
2026-03-28 19:27:17,665 [INFO] CV_Playground: Algorithm: Edge_canny | Params: {'low': 100, 'high': 200} | Time: 0.0010s | Status: SUCCESS
2026-03-28 19:27:17,847 [INFO] CV_Playground: Algorithm: Edge_canny | Params: {'low': 100, 'high': 200} | Time: 0.0020s | Status: SUCCESS
2026-03-28 19:27:17,969 [INFO] CV_Playground: Algorithm: Edge_canny | Params: {'low': 100, 'high': 200} | Time: 0.0030s | Status: SUCCESS
2026-03-28 19:27:18,114 [INFO] CV_Playground: Algorithm: Edge_canny | Params: {'low': 100, 'high': 200} | Time: 0.0019s | Status: SUCCESS
2026-03-28 19:27:18,258 [INFO] CV_Playground: Algorithm: Edge_canny | Params: {'low': 100, 'high': 200} | Time: 0.0022s | Status: SUCCESS
2026-03-28 19:27:18,419 [INFO] CV_Playground: Algorithm: Edge_canny | Params: {'low': 100, 'high': 200} | Time: 0.0010s | Status: SUCCESS
2026-03-28 19:27:18,590 [INFO] CV_Playground: Algorithm: Edge_canny | Params: {'low': 100, 'high': 200} | Time: 0.0030s | Status: SUCCESS
2026-03-28 19:27:18,714 [INFO] CV_Playground: Algorithm: Edge_canny | Params: {'low': 100, 'high': 200} | Time: 0.0000s | Status: SUCCESS
2026-03-28 19:27:18,885 [INFO] CV_Playground: Algorithm: Edge_canny | Params: {'low': 100, 'high': 200} | Time: 0.0020s | Status: SUCCESS
2026-03-28 19:27:19,005 [INFO] CV_Playground: Algorithm: Edge_canny | Params: {'low': 100, 'high': 200} | Time: 0.0010s | Status: SUCCESS
2026-03-28 19:27:19,189 [INFO] CV_Playground: Algorithm: Edge_canny | Params: {'low': 100, 'high': 200} | Time: 0.0020s | Status: SUCCESS
2026-03-28 19:27:19,307 [INFO] CV_Playground: Algorithm: Edge_canny | Params: {'low': 100, 'high': 200} | Time: 0.0020s | Status: SUCCESS
2026-03-28 19:27:19,480 [INFO] CV_Playground: Algorithm: Edge_canny | Params: {'low': 100, 'high': 200} | Time: 0.0006s | Status: SUCCESS
2026-03-28 19:27:19,623 [INFO] CV_Playground: Algorithm: Edge_canny | Params: {'low': 100, 'high': 200} | Time: 0.0020s | Status: SUCCESS
2026-03-28 19:27:19,760 [INFO] CV_Playground: Algorithm: Edge_canny | Params: {'low': 100, 'high': 200} | Time: 0.0024s | Status: SUCCESS
2026-03-28 19:27:19,938 [INFO] CV_Playground: Algorithm: Edge_canny | Params: {'low': 100, 'high': 200} | Time: 0.0016s | Status: SUCCESS
2026-03-28 19:27:20,081 [INFO] CV_Playground: Algorithm: Edge_canny | Params: {'low': 100, 'high': 200} | Time: 0.0020s | Status: SUCCESS
2026-03-28 19:27:20,237 [INFO] CV_Playground: Algorithm: Edge_canny | Params: {'low': 100, 'high': 200} | Time: 0.0020s | Status: SUCCESS
2026-03-28 19:27:20,365 [INFO] CV_Playground: Algorithm: Edge_canny | Params: {'low': 100, 'high': 200} | Time: 0.0010s | Status: SUCCESS
2026-03-28 19:27:20,538 [INFO] CV_Playground: Algorithm: Edge_canny | Params: {'low': 100, 'high': 200} | Time: 0.0021s | Status: SUCCESS
2026-03-28 19:27:20,684 [INFO] CV_Playground: Algorithm: Edge_canny | Params: {'low': 100, 'high': 200} | Time: 0.0020s | Status: SUCCESS
2026-03-28 19:27:20,808 [INFO] CV_Playground: Algorithm: Edge_canny | Params: {'low': 100, 'high': 200} | Time: 0.0016s | Status: SUCCESS
2026-03-28 19:27:20,951 [INFO] CV_Playground: Algorithm: Edge_canny | Params: {'low': 100, 'high': 200} | Time: 0.0000s | Status: SUCCESS
2026-03-28 19:27:21,109 [INFO] CV_Playground: Algorithm: Edge_canny | Params: {'low': 100, 'high': 200} | Time: 0.0020s | Status: SUCCESS
2026-03-28 19:27:21,280 [INFO] CV_Playground: Algorithm: Edge_canny | Params: {'low': 100, 'high': 200} | Time: 0.0000s | Status: SUCCESS
2026-03-28 19:27:21,403 [INFO] CV_Playground: Algorithm: Edge_canny | Params: {'low': 100, 'high': 200} | Time: 0.0010s | Status: SUCCESS
2026-03-28 19:27:21,568 [INFO] CV_Playground: Algorithm: Edge_canny | Params: {'low': 100, 'high': 200} | Time: 0.0020s | Status: SUCCESS
2026-03-28 19:27:21,737 [INFO] CV_Playground: Algorithm: Edge_canny | Params: {'low': 100, 'high': 200} | Time: 0.0020s | Status: SUCCESS
2026-03-28 19:27:21,864 [INFO] CV_Playground: Algorithm: Edge_canny | Params: {'low': 100, 'high': 200} | Time: 0.0020s | Status: SUCCESS
2026-03-28 19:27:22,020 [INFO] CV_Playground: Algorithm: Edge_canny | Params: {'low': 100, 'high': 200} | Time: 0.0010s | Status: SUCCESS
2026-03-28 19:27:22,188 [INFO] CV_Playground: Algorithm: Edge_canny | Params: {'low': 100, 'high': 200} | Time: 0.0030s | Status: SUCCESS
2026-03-28 19:27:22,343 [INFO] CV_Playground: Algorithm: Edge_canny | Params: {'low': 100, 'high': 200} | Time: 0.0020s | Status: SUCCESS
2026-03-28 19:27:22,475 [INFO] CV_Playground: Algorithm: Feature_orb | Params: {'keypoints': 500} | Time: 0.0172s | Status: SUCCESS
2026-03-28 19:27:22,649 [INFO] CV_Playground: Algorithm: Feature_orb | Params: {'keypoints': 500} | Time: 0.0177s | Status: SUCCESS
2026-03-28 19:27:22,801 [INFO] CV_Playground: Algorithm: Feature_orb | Params: {'keypoints': 500} | Time: 0.0178s | Status: SUCCESS
2026-03-28 19:27:22,937 [INFO] CV_Playground: Algorithm: Feature_orb | Params: {'keypoints': 500} | Time: 0.0186s | Status: SUCCESS
2026-03-28 19:27:23,119 [INFO] CV_Playground: Algorithm: Feature_orb | Params: {'keypoints': 500} | Time: 0.0378s | Status: SUCCESS
2026-03-28 19:27:23,235 [INFO] CV_Playground: Algorithm: Feature_orb | Params: {'keypoints': 500} | Time: 0.0219s | Status: SUCCESS
2026-03-28 19:27:23,386 [INFO] CV_Playground: Algorithm: Feature_orb | Params: {'keypoints': 500} | Time: 0.0182s | Status: SUCCESS
2026-03-28 19:27:23,524 [INFO] CV_Playground: Algorithm: Feature_orb | Params: {'keypoints': 500} | Time: 0.0177s | Status: SUCCESS
2026-03-28 19:27:23,673 [INFO] CV_Playground: Algorithm: Feature_orb | Params: {'keypoints': 500} | Time: 0.0176s | Status: SUCCESS
2026-03-28 19:27:23,833 [INFO] CV_Playground: Algorithm: Feature_orb | Params: {'keypoints': 500} | Time: 0.0197s | Status: SUCCESS
2026-03-28 19:27:23,984 [INFO] CV_Playground: Algorithm: Feature_orb | Params: {'keypoints': 500} | Time: 0.0171s | Status: SUCCESS
2026-03-28 19:27:24,130 [INFO] CV_Playground: Algorithm: Feature_orb | Params: {'keypoints': 500} | Time: 0.0131s | Status: SUCCESS
2026-03-28 19:27:24,269 [INFO] CV_Playground: Algorithm: Feature_orb | Params: {'keypoints': 496} | Time: 0.0126s | Status: SUCCESS
2026-03-28 19:27:24,463 [INFO] CV_Playground: Algorithm: Feature_orb | Params: {'keypoints': 499} | Time: 0.0312s | Status: SUCCESS
2026-03-28 19:27:24,597 [INFO] CV_Playground: Algorithm: Feature_orb | Params: {'keypoints': 500} | Time: 0.0231s | Status: SUCCESS
2026-03-28 19:27:24,735 [INFO] CV_Playground: Algorithm: Feature_orb | Params: {'keypoints': 497} | Time: 0.0189s | Status: SUCCESS
2026-03-28 19:27:24,884 [INFO] CV_Playground: Algorithm: Feature_orb | Params: {'keypoints': 494} | Time: 0.0210s | Status: SUCCESS
2026-03-28 19:27:25,028 [INFO] CV_Playground: Algorithm: Feature_orb | Params: {'keypoints': 500} | Time: 0.0213s | Status: SUCCESS
2026-03-28 19:27:25,177 [INFO] CV_Playground: Algorithm: Feature_orb | Params: {'keypoints': 500} | Time: 0.0199s | Status: SUCCESS
2026-03-28 19:27:25,329 [INFO] CV_Playground: Algorithm: Feature_orb | Params: {'keypoints': 500} | Time: 0.0180s | Status: SUCCESS
2026-03-28 19:27:25,525 [INFO] CV_Playground: Algorithm: Feature_orb | Params: {'keypoints': 500} | Time: 0.0213s | Status: SUCCESS
2026-03-28 19:27:25,627 [INFO] CV_Playground: Algorithm: Feature_orb | Params: {'keypoints': 500} | Time: 0.0190s | Status: SUCCESS
2026-03-28 19:27:25,812 [INFO] CV_Playground: Algorithm: Feature_orb | Params: {'keypoints': 500} | Time: 0.0206s | Status: SUCCESS
2026-03-28 19:27:25,927 [INFO] CV_Playground: Algorithm: Feature_orb | Params: {'keypoints': 500} | Time: 0.0200s | Status: SUCCESS
2026-03-28 19:27:26,079 [INFO] CV_Playground: Algorithm: Feature_orb | Params: {'keypoints': 500} | Time: 0.0224s | Status: SUCCESS
2026-03-28 19:27:26,245 [INFO] CV_Playground: Algorithm: Feature_orb | Params: {'keypoints': 500} | Time: 0.0212s | Status: SUCCESS
2026-03-28 19:27:26,378 [INFO] CV_Playground: Algorithm: Feature_orb | Params: {'keypoints': 500} | Time: 0.0214s | Status: SUCCESS
2026-03-28 19:27:26,532 [INFO] CV_Playground: Algorithm: Feature_orb | Params: {'keypoints': 500} | Time: 0.0152s | Status: SUCCESS
2026-03-28 19:27:26,705 [INFO] CV_Playground: Algorithm: Feature_orb | Params: {'keypoints': 500} | Time: 0.0224s | Status: SUCCESS
2026-03-28 19:27:26,840 [INFO] CV_Playground: Algorithm: Feature_orb | Params: {'keypoints': 500} | Time: 0.0278s | Status: SUCCESS
2026-03-28 19:27:26,992 [INFO] CV_Playground: Algorithm: Feature_orb | Params: {'keypoints': 500} | Time: 0.0186s | Status: SUCCESS
2026-03-28 19:27:27,127 [INFO] CV_Playground: Algorithm: Feature_orb | Params: {'keypoints': 500} | Time: 0.0180s | Status: SUCCESS
2026-03-28 19:27:27,278 [INFO] CV_Playground: Algorithm: Feature_orb | Params: {'keypoints': 500} | Time: 0.0188s | Status: SUCCESS
2026-03-28 19:27:27,447 [INFO] CV_Playground: Algorithm: Feature_orb | Params: {'keypoints': 500} | Time: 0.0187s | Status: SUCCESS
2026-03-28 19:27:27,624 [INFO] CV_Playground: Algorithm: Feature_orb | Params: {'keypoints': 500} | Time: 0.0242s | Status: SUCCESS
2026-03-28 19:27:27,727 [INFO] CV_Playground: Algorithm: Feature_orb | Params: {'keypoints': 500} | Time: 0.0187s | Status: SUCCESS
2026-03-28 19:27:27,907 [INFO] CV_Playground: Algorithm: Feature_orb | Params: {'keypoints': 500} | Time: 0.0266s | Status: SUCCESS
2026-03-28 19:27:28,031 [INFO] CV_Playground: Algorithm: Feature_orb | Params: {'keypoints': 500} | Time: 0.0181s | Status: SUCCESS
2026-03-28 19:27:28,183 [INFO] CV_Playground: Algorithm: Feature_orb | Params: {'keypoints': 500} | Time: 0.0210s | Status: SUCCESS
2026-03-28 19:27:28,352 [INFO] CV_Playground: Algorithm: Feature_orb | Params: {'keypoints': 500} | Time: 0.0184s | Status: SUCCESS
2026-03-28 19:27:28,470 [INFO] CV_Playground: Algorithm: Feature_orb | Params: {'keypoints': 500} | Time: 0.0194s | Status: SUCCESS
2026-03-28 19:27:28,662 [INFO] CV_Playground: Algorithm: Feature_orb | Params: {'keypoints': 500} | Time: 0.0244s | Status: SUCCESS
2026-03-28 19:27:28,788 [INFO] CV_Playground: Algorithm: Feature_orb | Params: {'keypoints': 500} | Time: 0.0303s | Status: SUCCESS
2026-03-28 19:27:28,977 [INFO] CV_Playground: Algorithm: Feature_orb | Params: {'keypoints': 500} | Time: 0.0322s | Status: SUCCESS
2026-03-28 19:27:29,072 [INFO] CV_Playground: Algorithm: Feature_orb | Params: {'keypoints': 500} | Time: 0.0179s | Status: SUCCESS
2026-03-28 19:27:29,225 [INFO] CV_Playground: Algorithm: Feature_orb | Params: {'keypoints': 500} | Time: 0.0201s | Status: SUCCESS
2026-03-28 19:27:29,424 [INFO] CV_Playground: Algorithm: Feature_orb | Params: {'keypoints': 500} | Time: 0.0370s | Status: SUCCESS
2026-03-28 19:27:29,524 [INFO] CV_Playground: Algorithm: Feature_orb | Params: {'keypoints': 500} | Time: 0.0172s | Status: SUCCESS
2026-03-28 19:27:29,669 [INFO] CV_Playground: Algorithm: Feature_orb | Params: {'keypoints': 500} | Time: 0.0179s | Status: SUCCESS
2026-03-28 19:27:29,846 [INFO] CV_Playground: Algorithm: Feature_orb | Params: {'keypoints': 500} | Time: 0.0202s | Status: SUCCESS
2026-03-28 19:27:30,016 [INFO] CV_Playground: Algorithm: Feature_orb | Params: {'keypoints': 500} | Time: 0.0287s | Status: SUCCESS
2026-03-28 19:27:30,130 [INFO] CV_Playground: Algorithm: Feature_orb | Params: {'keypoints': 500} | Time: 0.0175s | Status: SUCCESS
2026-03-28 19:27:30,315 [INFO] CV_Playground: Algorithm: Feature_orb | Params: {'keypoints': 500} | Time: 0.0258s | Status: SUCCESS
2026-03-28 19:27:30,450 [INFO] CV_Playground: Algorithm: Feature_orb | Params: {'keypoints': 500} | Time: 0.0180s | Status: SUCCESS
2026-03-28 19:27:30,575 [INFO] CV_Playground: Algorithm: Feature_orb | Params: {'keypoints': 500} | Time: 0.0277s | Status: SUCCESS
2026-03-28 19:27:30,765 [INFO] CV_Playground: Algorithm: Feature_orb | Params: {'keypoints': 500} | Time: 0.0268s | Status: SUCCESS
2026-03-28 19:27:30,876 [INFO] CV_Playground: Algorithm: Feature_orb | Params: {'keypoints': 500} | Time: 0.0211s | Status: SUCCESS
2026-03-28 19:27:31,058 [INFO] CV_Playground: Algorithm: Feature_orb | Params: {'keypoints': 500} | Time: 0.0263s | Status: SUCCESS
2026-03-28 19:27:31,226 [INFO] CV_Playground: Algorithm: Feature_orb | Params: {'keypoints': 500} | Time: 0.0250s | Status: SUCCESS
2026-03-28 19:27:31,321 [INFO] CV_Playground: Algorithm: Feature_orb | Params: {'keypoints': 500} | Time: 0.0140s | Status: SUCCESS
2026-03-28 19:27:31,517 [INFO] CV_Playground: Algorithm: Feature_orb | Params: {'keypoints': 500} | Time: 0.0234s | Status: SUCCESS
2026-03-28 19:27:31,628 [INFO] CV_Playground: Algorithm: Feature_orb | Params: {'keypoints': 500} | Time: 0.0211s | Status: SUCCESS
2026-03-28 19:27:31,813 [INFO] CV_Playground: Algorithm: Feature_orb | Params: {'keypoints': 500} | Time: 0.0225s | Status: SUCCESS
2026-03-28 19:27:31,924 [INFO] CV_Playground: Algorithm: Feature_orb | Params: {'keypoints': 500} | Time: 0.0196s | Status: SUCCESS
2026-03-28 19:27:32,069 [INFO] CV_Playground: Algorithm: Feature_orb | Params: {'keypoints': 500} | Time: 0.0106s | Status: SUCCESS
2026-03-28 19:27:32,258 [INFO] CV_Playground: Algorithm: Feature_orb | Params: {'keypoints': 500} | Time: 0.0251s | Status: SUCCESS
2026-03-28 19:27:32,416 [INFO] CV_Playground: Algorithm: Feature_orb | Params: {'keypoints': 500} | Time: 0.0275s | Status: SUCCESS
2026-03-28 19:27:32,530 [INFO] CV_Playground: Algorithm: Feature_orb | Params: {'keypoints': 500} | Time: 0.0138s | Status: SUCCESS
2026-03-28 19:27:32,722 [INFO] CV_Playground: Algorithm: Feature_orb | Params: {'keypoints': 500} | Time: 0.0289s | Status: SUCCESS
2026-03-28 19:27:32,852 [INFO] CV_Playground: Algorithm: Feature_orb | Params: {'keypoints': 500} | Time: 0.0213s | Status: SUCCESS
2026-03-28 19:27:33,022 [INFO] CV_Playground: Algorithm: Feature_orb | Params: {'keypoints': 500} | Time: 0.0324s | Status: SUCCESS
2026-03-28 19:27:33,128 [INFO] CV_Playground: Algorithm: Feature_orb | Params: {'keypoints': 500} | Time: 0.0184s | Status: SUCCESS
2026-03-28 19:27:33,312 [INFO] CV_Playground: Algorithm: Feature_orb | Params: {'keypoints': 500} | Time: 0.0287s | Status: SUCCESS
2026-03-28 19:27:33,426 [INFO] CV_Playground: Algorithm: Feature_orb | Params: {'keypoints': 500} | Time: 0.0185s | Status: SUCCESS
2026-03-28 19:27:33,624 [INFO] CV_Playground: Algorithm: Feature_orb | Params: {'keypoints': 500} | Time: 0.0260s | Status: SUCCESS
2026-03-28 19:27:33,732 [INFO] CV_Playground: Algorithm: Feature_orb | Params: {'keypoints': 500} | Time: 0.0173s | Status: SUCCESS
2026-03-28 19:27:33,919 [INFO] CV_Playground: Algorithm: Feature_orb | Params: {'keypoints': 500} | Time: 0.0230s | Status: SUCCESS
2026-03-28 19:27:34,038 [INFO] CV_Playground: Algorithm: Feature_orb | Params: {'keypoints': 500} | Time: 0.0188s | Status: SUCCESS
2026-03-28 19:27:34,207 [INFO] CV_Playground: Algorithm: Feature_orb | Params: {'keypoints': 497} | Time: 0.0337s | Status: SUCCESS
2026-03-28 19:27:34,330 [INFO] CV_Playground: Algorithm: Feature_orb | Params: {'keypoints': 500} | Time: 0.0181s | Status: SUCCESS
2026-03-28 19:27:34,521 [INFO] CV_Playground: Algorithm: Feature_orb | Params: {'keypoints': 500} | Time: 0.0210s | Status: SUCCESS
2026-03-28 19:27:34,629 [INFO] CV_Playground: Algorithm: Feature_orb | Params: {'keypoints': 500} | Time: 0.0195s | Status: SUCCESS
2026-03-28 19:27:34,807 [INFO] CV_Playground: Algorithm: Feature_orb | Params: {'keypoints': 500} | Time: 0.0211s | Status: SUCCESS
2026-03-28 19:27:34,930 [INFO] CV_Playground: Algorithm: Feature_orb | Params: {'keypoints': 500} | Time: 0.0177s | Status: SUCCESS
2026-03-28 19:27:35,130 [INFO] CV_Playground: Algorithm: Feature_orb | Params: {'keypoints': 500} | Time: 0.0166s | Status: SUCCESS
2026-03-28 19:27:35,230 [INFO] CV_Playground: Algorithm: Feature_orb | Params: {'keypoints': 500} | Time: 0.0195s | Status: SUCCESS
2026-03-28 19:27:35,383 [INFO] CV_Playground: Algorithm: Feature_orb | Params: {'keypoints': 500} | Time: 0.0177s | Status: SUCCESS
2026-03-28 19:27:35,559 [INFO] CV_Playground: Algorithm: Feature_orb | Params: {'keypoints': 500} | Time: 0.0288s | Status: SUCCESS
2026-03-28 19:27:35,683 [INFO] CV_Playground: Algorithm: Feature_orb | Params: {'keypoints': 500} | Time: 0.0190s | Status: SUCCESS
2026-03-28 19:27:35,837 [INFO] CV_Playground: Algorithm: Feature_orb | Params: {'keypoints': 500} | Time: 0.0250s | Status: SUCCESS
2026-03-28 19:27:36,016 [INFO] CV_Playground: Algorithm: Feature_orb | Params: {'keypoints': 500} | Time: 0.0250s | Status: SUCCESS
2026-03-28 19:27:36,124 [INFO] CV_Playground: Algorithm: Feature_orb | Params: {'keypoints': 500} | Time: 0.0175s | Status: SUCCESS
2026-03-28 19:27:36,283 [INFO] CV_Playground: Algorithm: Feature_orb | Params: {'keypoints': 500} | Time: 0.0179s | Status: SUCCESS
2026-03-28 19:27:36,442 [INFO] CV_Playground: Algorithm: Feature_orb | Params: {'keypoints': 495} | Time: 0.0354s | Status: SUCCESS
2026-03-28 19:27:36,606 [INFO] CV_Playground: Algorithm: Feature_orb | Params: {'keypoints': 494} | Time: 0.0152s | Status: SUCCESS
2026-03-28 19:27:36,725 [INFO] CV_Playground: Algorithm: Feature_orb | Params: {'keypoints': 497} | Time: 0.0150s | Status: SUCCESS
2026-03-28 19:27:36,911 [INFO] CV_Playground: Algorithm: Feature_orb | Params: {'keypoints': 500} | Time: 0.0257s | Status: SUCCESS
2026-03-28 19:27:37,077 [INFO] CV_Playground: Algorithm: Feature_orb | Params: {'keypoints': 500} | Time: 0.0359s | Status: SUCCESS
2026-03-28 19:27:37,240 [INFO] CV_Playground: Algorithm: Feature_orb | Params: {'keypoints': 500} | Time: 0.0622s | Status: SUCCESS
2026-03-28 19:27:37,343 [INFO] CV_Playground: Algorithm: Feature_orb | Params: {'keypoints': 500} | Time: 0.0210s | Status: SUCCESS
2026-03-28 19:27:37,470 [INFO] CV_Playground: Algorithm: Feature_orb | Params: {'keypoints': 500} | Time: 0.0181s | Status: SUCCESS
2026-03-28 19:27:37,630 [INFO] CV_Playground: Algorithm: Feature_orb | Params: {'keypoints': 499} | Time: 0.0215s | Status: SUCCESS
2026-03-28 19:27:37,776 [INFO] CV_Playground: Algorithm: Feature_orb | Params: {'keypoints': 497} | Time: 0.0210s | Status: SUCCESS
2026-03-28 19:27:37,931 [INFO] CV_Playground: Algorithm: Feature_orb | Params: {'keypoints': 497} | Time: 0.0199s | Status: SUCCESS
2026-03-28 19:27:38,085 [INFO] CV_Playground: Algorithm: Feature_orb | Params: {'keypoints': 500} | Time: 0.0214s | Status: SUCCESS
2026-03-28 19:27:38,231 [INFO] CV_Playground: Algorithm: Feature_orb | Params: {'keypoints': 498} | Time: 0.0231s | Status: SUCCESS
2026-03-28 19:27:38,377 [INFO] CV_Playground: Algorithm: Feature_orb | Params: {'keypoints': 497} | Time: 0.0204s | Status: SUCCESS
2026-03-28 19:27:38,520 [INFO] CV_Playground: Algorithm: Feature_orb | Params: {'keypoints': 497} | Time: 0.0180s | Status: SUCCESS
2026-03-28 19:27:38,677 [INFO] CV_Playground: Algorithm: Feature_orb | Params: {'keypoints': 497} | Time: 0.0199s | Status: SUCCESS
2026-03-28 19:27:38,828 [INFO] CV_Playground: Algorithm: Feature_orb | Params: {'keypoints': 494} | Time: 0.0201s | Status: SUCCESS
2026-03-28 19:27:38,974 [INFO] CV_Playground: Algorithm: Feature_orb | Params: {'keypoints': 493} | Time: 0.0184s | Status: SUCCESS
2026-03-28 19:27:39,125 [INFO] CV_Playground: Algorithm: Feature_orb | Params: {'keypoints': 497} | Time: 0.0172s | Status: SUCCESS
2026-03-28 19:27:39,271 [INFO] CV_Playground: Algorithm: Feature_orb | Params: {'keypoints': 496} | Time: 0.0186s | Status: SUCCESS
2026-03-28 19:27:39,425 [INFO] CV_Playground: Algorithm: Feature_orb | Params: {'keypoints': 496} | Time: 0.0188s | Status: SUCCESS
2026-03-28 19:27:39,586 [INFO] CV_Playground: Algorithm: Feature_orb | Params: {'keypoints': 495} | Time: 0.0178s | Status: SUCCESS
2026-03-28 19:27:39,728 [INFO] CV_Playground: Algorithm: Feature_orb | Params: {'keypoints': 498} | Time: 0.0176s | Status: SUCCESS
2026-03-28 19:27:39,902 [INFO] CV_Playground: Algorithm: Feature_orb | Params: {'keypoints': 498} | Time: 0.0202s | Status: SUCCESS
2026-03-28 19:27:40,033 [INFO] CV_Playground: Algorithm: Feature_orb | Params: {'keypoints': 498} | Time: 0.0261s | Status: SUCCESS
2026-03-28 19:27:40,188 [INFO] CV_Playground: Algorithm: Feature_orb | Params: {'keypoints': 500} | Time: 0.0221s | Status: SUCCESS
2026-03-28 19:27:40,334 [INFO] CV_Playground: Algorithm: Feature_orb | Params: {'keypoints': 500} | Time: 0.0185s | Status: SUCCESS
2026-03-28 19:27:40,494 [INFO] CV_Playground: Algorithm: Feature_orb | Params: {'keypoints': 496} | Time: 0.0226s | Status: SUCCESS
2026-03-28 19:27:40,625 [INFO] CV_Playground: Algorithm: Feature_orb | Params: {'keypoints': 500} | Time: 0.0180s | Status: SUCCESS
2026-03-28 19:27:40,774 [INFO] CV_Playground: Algorithm: Feature_orb | Params: {'keypoints': 500} | Time: 0.0186s | Status: SUCCESS
2026-03-28 19:27:40,928 [INFO] CV_Playground: Algorithm: Feature_orb | Params: {'keypoints': 498} | Time: 0.0192s | Status: SUCCESS
2026-03-28 19:27:41,075 [INFO] CV_Playground: Algorithm: Feature_orb | Params: {'keypoints': 500} | Time: 0.0182s | Status: SUCCESS
2026-03-28 19:27:41,228 [INFO] CV_Playground: Algorithm: Feature_orb | Params: {'keypoints': 500} | Time: 0.0209s | Status: SUCCESS
2026-03-28 19:27:41,385 [INFO] CV_Playground: Algorithm: Feature_orb | Params: {'keypoints': 500} | Time: 0.0200s | Status: SUCCESS
2026-03-28 19:27:41,525 [INFO] CV_Playground: Algorithm: Feature_orb | Params: {'keypoints': 500} | Time: 0.0181s | Status: SUCCESS
2026-03-28 19:27:41,705 [INFO] CV_Playground: Algorithm: Feature_orb | Params: {'keypoints': 500} | Time: 0.0187s | Status: SUCCESS
2026-03-28 19:27:41,838 [INFO] CV_Playground: Algorithm: Feature_orb | Params: {'keypoints': 500} | Time: 0.0181s | Status: SUCCESS
2026-03-28 19:27:41,979 [INFO] CV_Playground: Algorithm: Feature_orb | Params: {'keypoints': 500} | Time: 0.0182s | Status: SUCCESS
2026-03-28 19:27:42,130 [INFO] CV_Playground: Algorithm: Feature_orb | Params: {'keypoints': 500} | Time: 0.0175s | Status: SUCCESS
2026-03-28 19:27:42,314 [INFO] CV_Playground: Algorithm: Feature_orb | Params: {'keypoints': 500} | Time: 0.0263s | Status: SUCCESS
2026-03-28 19:27:42,421 [INFO] CV_Playground: Algorithm: Feature_orb | Params: {'keypoints': 500} | Time: 0.0190s | Status: SUCCESS
2026-03-28 19:27:42,574 [INFO] CV_Playground: Algorithm: Feature_orb | Params: {'keypoints': 500} | Time: 0.0180s | Status: SUCCESS
2026-03-28 19:27:42,721 [INFO] CV_Playground: Algorithm: Feature_orb | Params: {'keypoints': 500} | Time: 0.0174s | Status: SUCCESS
2026-03-28 19:27:42,885 [INFO] CV_Playground: Algorithm: Feature_orb | Params: {'keypoints': 500} | Time: 0.0296s | Status: SUCCESS
2026-03-28 19:27:43,024 [INFO] CV_Playground: Algorithm: Feature_orb | Params: {'keypoints': 500} | Time: 0.0187s | Status: SUCCESS
2026-03-28 19:27:43,181 [INFO] CV_Playground: Algorithm: Feature_orb | Params: {'keypoints': 500} | Time: 0.0209s | Status: SUCCESS
2026-03-28 19:27:43,329 [INFO] CV_Playground: Algorithm: Feature_orb | Params: {'keypoints': 500} | Time: 0.0262s | Status: SUCCESS
2026-03-28 19:27:43,469 [INFO] CV_Playground: Algorithm: Feature_orb | Params: {'keypoints': 500} | Time: 0.0205s | Status: SUCCESS
2026-03-28 19:27:43,625 [INFO] CV_Playground: Algorithm: Feature_orb | Params: {'keypoints': 500} | Time: 0.0196s | Status: SUCCESS
2026-03-28 19:27:43,773 [INFO] CV_Playground: Algorithm: Feature_orb | Params: {'keypoints': 500} | Time: 0.0175s | Status: SUCCESS
2026-03-28 19:27:44,955 [INFO] CV_Playground: Algorithm: ObjectDetection_YOLO | Params: {'objects': 3} | Time: 1.0524s | Status: SUCCESS
2026-03-28 19:27:46,094 [INFO] CV_Playground: Algorithm: ObjectDetection_YOLO | Params: {'objects': 3} | Time: 0.9870s | Status: SUCCESS
2026-03-28 19:27:47,097 [INFO] CV_Playground: Algorithm: ObjectDetection_YOLO | Params: {'objects': 2} | Time: 0.9788s | Status: SUCCESS
2026-03-28 19:27:48,101 [INFO] CV_Playground: Algorithm: ObjectDetection_YOLO | Params: {'objects': 3} | Time: 0.9845s | Status: SUCCESS
2026-03-28 19:27:49,097 [INFO] CV_Playground: Algorithm: ObjectDetection_YOLO | Params: {'objects': 2} | Time: 0.9749s | Status: SUCCESS
2026-03-28 19:27:50,128 [INFO] CV_Playground: Algorithm: ObjectDetection_YOLO | Params: {'objects': 2} | Time: 1.0079s | Status: SUCCESS
2026-03-28 19:27:51,181 [INFO] CV_Playground: Algorithm: ObjectDetection_YOLO | Params: {'objects': 2} | Time: 1.0336s | Status: SUCCESS
2026-03-28 19:27:52,222 [INFO] CV_Playground: Algorithm: ObjectDetection_YOLO | Params: {'objects': 3} | Time: 1.0226s | Status: SUCCESS
2026-03-28 19:27:53,926 [INFO] CV_Playground: Algorithm: ObjectDetection_YOLO | Params: {'objects': 3} | Time: 1.0068s | Status: SUCCESS
2026-03-28 19:27:54,986 [INFO] CV_Playground: Algorithm: ObjectDetection_YOLO | Params: {'objects': 3} | Time: 1.0297s | Status: SUCCESS
2026-03-28 19:27:56,056 [INFO] CV_Playground: Algorithm: ObjectDetection_YOLO | Params: {'objects': 3} | Time: 1.0445s | Status: SUCCESS
2026-03-28 19:27:57,073 [INFO] CV_Playground: Algorithm: ObjectDetection_YOLO | Params: {'objects': 3} | Time: 1.0008s | Status: SUCCESS
2026-03-28 19:27:58,113 [INFO] CV_Playground: Algorithm: ObjectDetection_YOLO | Params: {'objects': 4} | Time: 1.0124s | Status: SUCCESS
2026-03-28 19:27:59,117 [INFO] CV_Playground: Algorithm: ObjectDetection_YOLO | Params: {'objects': 2} | Time: 0.9795s | Status: SUCCESS
2026-03-28 19:28:00,184 [INFO] CV_Playground: Algorithm: ObjectDetection_YOLO | Params: {'objects': 3} | Time: 1.0448s | Status: SUCCESS
2026-03-28 19:28:01,366 [INFO] CV_Playground: Algorithm: ObjectDetection_YOLO | Params: {'objects': 2} | Time: 1.1562s | Status: SUCCESS
2026-03-28 19:28:02,981 [INFO] CV_Playground: Algorithm: ObjectDetection_YOLO | Params: {'objects': 2} | Time: 1.5910s | Status: SUCCESS
2026-03-28 19:28:04,192 [INFO] CV_Playground: Algorithm: ObjectDetection_YOLO | Params: {'objects': 2} | Time: 1.1871s | Status: SUCCESS
2026-03-28 19:28:05,295 [INFO] CV_Playground: Algorithm: ObjectDetection_YOLO | Params: {'objects': 3} | Time: 1.0805s | Status: SUCCESS
2026-03-28 19:28:06,362 [INFO] CV_Playground: Algorithm: ObjectDetection_YOLO | Params: {'objects': 2} | Time: 1.0406s | Status: SUCCESS
2026-03-28 19:28:07,491 [INFO] CV_Playground: Algorithm: ObjectDetection_YOLO | Params: {'objects': 2} | Time: 1.1058s | Status: SUCCESS
2026-03-28 19:28:08,633 [INFO] CV_Playground: Algorithm: ObjectDetection_YOLO | Params: {'objects': 2} | Time: 1.1193s | Status: SUCCESS
2026-03-28 19:28:09,898 [INFO] CV_Playground: Algorithm: ObjectDetection_YOLO | Params: {'objects': 2} | Time: 1.2324s | Status: SUCCESS
2026-03-28 19:28:10,985 [INFO] CV_Playground: Algorithm: ObjectDetection_YOLO | Params: {'objects': 2} | Time: 1.0586s | Status: SUCCESS
2026-03-28 19:28:12,170 [INFO] CV_Playground: Algorithm: ObjectDetection_YOLO | Params: {'objects': 2} | Time: 1.1540s | Status: SUCCESS
2026-03-28 19:28:13,240 [INFO] CV_Playground: Algorithm: ObjectDetection_YOLO | Params: {'objects': 2} | Time: 1.0391s | Status: SUCCESS
2026-03-28 19:28:14,443 [INFO] CV_Playground: Algorithm: ObjectDetection_YOLO | Params: {'objects': 2} | Time: 1.1791s | Status: SUCCESS
2026-03-28 19:28:15,541 [INFO] CV_Playground: Algorithm: ObjectDetection_YOLO | Params: {'objects': 3} | Time: 1.0716s | Status: SUCCESS
2026-03-28 19:28:16,651 [INFO] CV_Playground: Algorithm: ObjectDetection_YOLO | Params: {'objects': 3} | Time: 1.0823s | Status: SUCCESS
2026-03-28 19:28:17,868 [INFO] CV_Playground: Algorithm: ObjectDetection_YOLO | Params: {'objects': 2} | Time: 1.1908s | Status: SUCCESS
2026-03-28 19:28:19,429 [INFO] CV_Playground: Algorithm: ObjectDetection_YOLO | Params: {'objects': 2} | Time: 1.5370s | Status: SUCCESS
2026-03-28 19:28:21,798 [INFO] CV_Playground: Algorithm: ObjectDetection_YOLO | Params: {'objects': 2} | Time: 2.3447s | Status: SUCCESS
2026-03-28 19:28:23,063 [INFO] CV_Playground: Algorithm: ObjectDetection_YOLO | Params: {'objects': 2} | Time: 1.2284s | Status: SUCCESS
2026-03-28 19:28:24,142 [INFO] CV_Playground: Algorithm: ObjectDetection_YOLO | Params: {'objects': 3} | Time: 1.0561s | Status: SUCCESS
2026-03-28 19:28:25,231 [INFO] CV_Playground: Algorithm: ObjectDetection_YOLO | Params: {'objects': 3} | Time: 1.0617s | Status: SUCCESS
2026-03-28 19:28:26,297 [INFO] CV_Playground: Algorithm: ObjectDetection_YOLO | Params: {'objects': 2} | Time: 1.0435s | Status: SUCCESS
2026-03-28 19:28:27,504 [INFO] CV_Playground: Algorithm: ObjectDetection_YOLO | Params: {'objects': 3} | Time: 1.1882s | Status: SUCCESS
2026-03-28 19:28:28,618 [INFO] CV_Playground: Algorithm: ObjectDetection_YOLO | Params: {'objects': 4} | Time: 1.0838s | Status: SUCCESS
2026-03-28 19:28:29,710 [INFO] CV_Playground: Algorithm: ObjectDetection_YOLO | Params: {'objects': 3} | Time: 1.0680s | Status: SUCCESS
2026-03-28 19:28:30,811 [INFO] CV_Playground: Algorithm: ObjectDetection_YOLO | Params: {'objects': 3} | Time: 1.0727s | Status: SUCCESS
2026-03-28 19:28:31,890 [INFO] CV_Playground: Algorithm: ObjectDetection_YOLO | Params: {'objects': 3} | Time: 1.0558s | Status: SUCCESS
2026-03-28 19:28:32,975 [INFO] CV_Playground: Algorithm: ObjectDetection_YOLO | Params: {'objects': 3} | Time: 1.0583s | Status: SUCCESS
2026-03-28 19:28:34,047 [INFO] CV_Playground: Algorithm: ObjectDetection_YOLO | Params: {'objects': 2} | Time: 1.0513s | Status: SUCCESS
2026-03-28 19:28:35,105 [INFO] CV_Playground: Algorithm: ObjectDetection_YOLO | Params: {'objects': 2} | Time: 1.0449s | Status: SUCCESS
2026-03-28 19:28:36,170 [INFO] CV_Playground: Algorithm: ObjectDetection_YOLO | Params: {'objects': 2} | Time: 1.0487s | Status: SUCCESS
2026-03-28 19:28:37,207 [INFO] CV_Playground: Algorithm: ObjectDetection_YOLO | Params: {'objects': 3} | Time: 1.0160s | Status: SUCCESS
2026-03-28 19:28:38,306 [INFO] CV_Playground: Algorithm: ObjectDetection_YOLO | Params: {'objects': 2} | Time: 1.0738s | Status: SUCCESS
2026-03-28 19:28:39,365 [INFO] CV_Playground: Algorithm: ObjectDetection_YOLO | Params: {'objects': 2} | Time: 1.0390s | Status: SUCCESS
2026-03-28 19:28:40,433 [INFO] CV_Playground: Algorithm: ObjectDetection_YOLO | Params: {'objects': 2} | Time: 1.0469s | Status: SUCCESS
2026-03-28 19:28:41,482 [INFO] CV_Playground: Algorithm: ObjectDetection_YOLO | Params: {'objects': 2} | Time: 1.0200s | Status: SUCCESS
2026-03-28 19:28:42,576 [INFO] CV_Playground: Algorithm: ObjectDetection_YOLO | Params: {'objects': 2} | Time: 1.0622s | Status: SUCCESS
2026-03-28 19:28:43,878 [INFO] CV_Playground: Algorithm: ObjectDetection_YOLO | Params: {'objects': 2} | Time: 1.2778s | Status: SUCCESS
2026-03-28 19:28:45,177 [INFO] CV_Playground: Algorithm: ObjectDetection_YOLO | Params: {'objects': 2} | Time: 1.2718s | Status: SUCCESS
2026-03-28 19:28:46,363 [INFO] CV_Playground: Algorithm: ObjectDetection_YOLO | Params: {'objects': 2} | Time: 1.1576s | Status: SUCCESS
2026-03-28 19:28:47,423 [INFO] CV_Playground: Algorithm: ObjectDetection_YOLO | Params: {'objects': 3} | Time: 1.0347s | Status: SUCCESS
2026-03-28 19:28:48,487 [INFO] CV_Playground: Algorithm: ObjectDetection_YOLO | Params: {'objects': 2} | Time: 1.0473s | Status: SUCCESS
2026-03-28 19:28:49,532 [INFO] CV_Playground: Algorithm: ObjectDetection_YOLO | Params: {'objects': 2} | Time: 1.0210s | Status: SUCCESS
2026-03-28 19:28:50,572 [INFO] CV_Playground: Algorithm: ObjectDetection_YOLO | Params: {'objects': 2} | Time: 1.0141s | Status: SUCCESS
2026-03-28 19:28:51,626 [INFO] CV_Playground: Algorithm: ObjectDetection_YOLO | Params: {'objects': 3} | Time: 1.0301s | Status: SUCCESS
2026-03-28 19:28:52,661 [INFO] CV_Playground: Algorithm: ObjectDetection_YOLO | Params: {'objects': 2} | Time: 1.0118s | Status: SUCCESS
2026-03-28 19:28:55,050 [INFO] CV_Playground: Algorithm: ObjectDetection_YOLO | Params: {'objects': 2} | Time: 1.0218s | Status: SUCCESS
2026-03-28 19:28:56,162 [INFO] CV_Playground: Algorithm: ObjectDetection_YOLO | Params: {'objects': 2} | Time: 1.0884s | Status: SUCCESS
2026-03-28 19:28:57,312 [INFO] CV_Playground: Algorithm: ObjectDetection_YOLO | Params: {'objects': 2} | Time: 1.1204s | Status: SUCCESS
2026-03-28 19:28:58,519 [INFO] CV_Playground: Algorithm: ObjectDetection_YOLO | Params: {'objects': 2} | Time: 1.1784s | Status: SUCCESS
2026-03-28 19:28:59,720 [INFO] CV_Playground: Algorithm: ObjectDetection_YOLO | Params: {'objects': 1} | Time: 1.1734s | Status: SUCCESS
2026-03-28 19:29:01,166 [INFO] CV_Playground: Algorithm: ObjectDetection_YOLO | Params: {'objects': 3} | Time: 1.4200s | Status: SUCCESS
2026-03-28 19:29:03,306 [INFO] CV_Playground: Algorithm: ObjectDetection_YOLO | Params: {'objects': 2} | Time: 2.0868s | Status: SUCCESS
2026-03-28 19:29:05,671 [INFO] CV_Playground: Algorithm: Edge_canny | Params: {'low': 100, 'high': 200} | Time: 0.0020s | Status: SUCCESS
2026-03-28 19:29:05,819 [INFO] CV_Playground: Algorithm: Edge_canny | Params: {'low': 100, 'high': 200} | Time: 0.0040s | Status: SUCCESS
2026-03-28 19:29:05,949 [INFO] CV_Playground: Algorithm: Edge_canny | Params: {'low': 100, 'high': 200} | Time: 0.0030s | Status: SUCCESS
2026-03-28 19:29:06,095 [INFO] CV_Playground: Algorithm: Edge_canny | Params: {'low': 100, 'high': 200} | Time: 0.0010s | Status: SUCCESS
2026-03-28 19:29:06,245 [INFO] CV_Playground: Algorithm: Edge_canny | Params: {'low': 100, 'high': 200} | Time: 0.0000s | Status: SUCCESS
2026-03-28 19:29:06,410 [INFO] CV_Playground: Algorithm: Edge_canny | Params: {'low': 100, 'high': 200} | Time: 0.0010s | Status: SUCCESS
2026-03-28 19:29:06,556 [INFO] CV_Playground: Algorithm: Edge_canny | Params: {'low': 100, 'high': 200} | Time: 0.0020s | Status: SUCCESS
2026-03-28 19:29:06,695 [INFO] CV_Playground: Algorithm: Edge_canny | Params: {'low': 100, 'high': 200} | Time: 0.0000s | Status: SUCCESS
2026-03-28 19:29:06,853 [INFO] CV_Playground: Algorithm: Edge_canny | Params: {'low': 100, 'high': 200} | Time: 0.0034s | Status: SUCCESS
2026-03-28 19:29:07,013 [INFO] CV_Playground: Algorithm: Edge_canny | Params: {'low': 100, 'high': 200} | Time: 0.0020s | Status: SUCCESS
2026-03-28 19:29:07,147 [INFO] CV_Playground: Algorithm: Edge_canny | Params: {'low': 100, 'high': 200} | Time: 0.0026s | Status: SUCCESS
2026-03-28 19:29:07,303 [INFO] CV_Playground: Algorithm: Edge_canny | Params: {'low': 100, 'high': 200} | Time: 0.0030s | Status: SUCCESS
2026-03-28 19:29:07,445 [INFO] CV_Playground: Algorithm: Edge_canny | Params: {'low': 100, 'high': 200} | Time: 0.0051s | Status: SUCCESS
2026-03-28 19:29:07,627 [INFO] CV_Playground: Algorithm: Edge_canny | Params: {'low': 100, 'high': 200} | Time: 0.0030s | Status: SUCCESS
2026-03-28 19:29:07,776 [INFO] CV_Playground: Algorithm: Edge_canny | Params: {'low': 100, 'high': 200} | Time: 0.0020s | Status: SUCCESS
2026-03-28 19:29:07,951 [INFO] CV_Playground: Algorithm: Edge_canny | Params: {'low': 100, 'high': 200} | Time: 0.0053s | Status: SUCCESS
2026-03-28 19:29:08,051 [INFO] CV_Playground: Algorithm: Edge_canny | Params: {'low': 100, 'high': 200} | Time: 0.0032s | Status: SUCCESS
2026-03-28 19:29:08,198 [INFO] CV_Playground: Algorithm: Edge_canny | Params: {'low': 100, 'high': 200} | Time: 0.0020s | Status: SUCCESS
2026-03-28 19:29:08,345 [INFO] CV_Playground: Algorithm: Edge_canny | Params: {'low': 100, 'high': 200} | Time: 0.0000s | Status: SUCCESS
2026-03-28 19:29:08,497 [INFO] CV_Playground: Algorithm: Edge_canny | Params: {'low': 100, 'high': 200} | Time: 0.0020s | Status: SUCCESS
2026-03-28 19:29:08,681 [INFO] CV_Playground: Algorithm: Edge_canny | Params: {'low': 100, 'high': 200} | Time: 0.0009s | Status: SUCCESS
2026-03-28 19:29:08,841 [INFO] CV_Playground: Algorithm: Edge_canny | Params: {'low': 100, 'high': 200} | Time: 0.0015s | Status: SUCCESS
2026-03-28 19:34:45,097 [INFO] werkzeug:  * Restarting with watchdog (windowsapi)
2026-03-28 19:34:54,687 [WARNING] werkzeug:  * Debugger is active!
2026-03-28 19:34:54,719 [INFO] werkzeug:  * Debugger PIN: 536-506-701
2026-03-28 19:35:22,679 [INFO] CV_Playground: Algorithm: Edge_canny | Params: {'low': 100, 'high': 200} | Time: 0.0080s | Status: SUCCESS
2026-03-28 19:35:26,356 [INFO] CV_Playground: Algorithm: Edge_canny | Params: {'low': 179, 'high': 200} | Time: 0.0080s | Status: SUCCESS
2026-03-28 19:35:29,034 [INFO] CV_Playground: Algorithm: Edge_canny | Params: {'low': 179, 'high': 200} | Time: 0.0057s | Status: SUCCESS
2026-03-28 19:35:30,523 [INFO] CV_Playground: Algorithm: Edge_canny | Params: {'low': 179, 'high': 200} | Time: 0.0104s | Status: SUCCESS
2026-03-28 19:37:03,157 [INFO] CV_Playground: Algorithm: Edge_canny | Params: {'low': 100, 'high': 200} | Time: 0.0107s | Status: SUCCESS
2026-03-28 19:37:13,072 [INFO] CV_Playground: Algorithm: Edge_canny | Params: {'low': 153, 'high': 200} | Time: 0.0089s | Status: SUCCESS
2026-03-28 19:37:14,930 [INFO] CV_Playground: Algorithm: Edge_canny | Params: {'low': 208, 'high': 200} | Time: 0.0087s | Status: SUCCESS
2026-03-28 19:37:17,780 [INFO] CV_Playground: Algorithm: Edge_canny | Params: {'low': 208, 'high': 200} | Time: 0.0042s | Status: SUCCESS
2026-03-28 19:37:19,538 [INFO] CV_Playground: Algorithm: Edge_canny | Params: {'low': 208, 'high': 200} | Time: 0.0120s | Status: SUCCESS
2026-03-28 19:37:50,180 [INFO] CV_Playground: Algorithm: Depth_bm | Params: {'numDisparities': 64, 'blockSize': 15} | Time: 0.1029s | Status: SUCCESS
2026-03-28 19:37:54,207 [INFO] CV_Playground: Algorithm: Depth_sgbm | Params: {'numDisparities': 64, 'blockSize': 15} | Time: 0.4865s | Status: SUCCESS
2026-03-28 19:38:08,664 [INFO] CV_Playground: Algorithm: ObjectDetection_YOLO | Params: {'objects': 5} | Time: 1.7565s | Status: SUCCESS
2026-03-28 19:38:16,054 [INFO] CV_Playground: Algorithm: Edge_canny | Params: {'low': 100, 'high': 200} | Time: 0.0027s | Status: SUCCESS
2026-03-28 19:38:16,198 [INFO] CV_Playground: Algorithm: Edge_canny | Params: {'low': 100, 'high': 200} | Time: 0.0010s | Status: SUCCESS
2026-03-28 19:38:16,347 [INFO] CV_Playground: Algorithm: Edge_canny | Params: {'low': 100, 'high': 200} | Time: 0.0020s | Status: SUCCESS
2026-03-28 19:38:16,501 [INFO] CV_Playground: Algorithm: Edge_canny | Params: {'low': 100, 'high': 200} | Time: 0.0020s | Status: SUCCESS
2026-03-28 19:38:16,648 [INFO] CV_Playground: Algorithm: Edge_canny | Params: {'low': 100, 'high': 200} | Time: 0.0025s | Status: SUCCESS
2026-03-28 19:38:16,797 [INFO] CV_Playground: Algorithm: Edge_canny | Params: {'low': 100, 'high': 200} | Time: 0.0000s | Status: SUCCESS
2026-03-28 19:38:16,952 [INFO] CV_Playground: Algorithm: Edge_canny | Params: {'low': 100, 'high': 200} | Time: 0.0049s | Status: SUCCESS
2026-03-28 19:38:17,107 [INFO] CV_Playground: Algorithm: Edge_canny | Params: {'low': 100, 'high': 200} | Time: 0.0020s | Status: SUCCESS
2026-03-28 19:38:17,248 [INFO] CV_Playground: Algorithm: Edge_canny | Params: {'low': 100, 'high': 200} | Time: 0.0020s | Status: SUCCESS
2026-03-28 19:38:17,389 [INFO] CV_Playground: Algorithm: Edge_canny | Params: {'low': 100, 'high': 200} | Time: 0.0000s | Status: SUCCESS
2026-03-28 19:38:17,549 [INFO] CV_Playground: Algorithm: Edge_canny | Params: {'low': 100, 'high': 200} | Time: 0.0015s | Status: SUCCESS
2026-03-28 19:38:17,695 [INFO] CV_Playground: Algorithm: Edge_canny | Params: {'low': 100, 'high': 200} | Time: 0.0066s | Status: SUCCESS
2026-03-28 19:38:17,846 [INFO] CV_Playground: Algorithm: Edge_canny | Params: {'low': 100, 'high': 200} | Time: 0.0010s | Status: SUCCESS
2026-03-28 19:38:18,016 [INFO] CV_Playground: Algorithm: Edge_canny | Params: {'low': 100, 'high': 200} | Time: 0.0020s | Status: SUCCESS
2026-03-28 19:38:18,166 [INFO] CV_Playground: Algorithm: Edge_canny | Params: {'low': 100, 'high': 200} | Time: 0.0000s | Status: SUCCESS
2026-03-28 19:38:18,311 [INFO] CV_Playground: Algorithm: Edge_canny | Params: {'low': 100, 'high': 200} | Time: 0.0030s | Status: SUCCESS
2026-03-28 19:38:18,464 [INFO] CV_Playground: Algorithm: Edge_canny | Params: {'low': 100, 'high': 200} | Time: 0.0020s | Status: SUCCESS
2026-03-28 19:38:18,621 [INFO] CV_Playground: Algorithm: Edge_canny | Params: {'low': 100, 'high': 200} | Time: 0.0032s | Status: SUCCESS
2026-03-28 19:38:18,756 [INFO] CV_Playground: Algorithm: Edge_canny | Params: {'low': 100, 'high': 200} | Time: 0.0020s | Status: SUCCESS
2026-03-28 19:38:18,885 [INFO] CV_Playground: Algorithm: Edge_canny | Params: {'low': 100, 'high': 200} | Time: 0.0000s | Status: SUCCESS
2026-03-28 19:38:19,047 [INFO] CV_Playground: Algorithm: Edge_canny | Params: {'low': 100, 'high': 200} | Time: 0.0027s | Status: SUCCESS
2026-03-28 19:38:19,192 [INFO] CV_Playground: Algorithm: Edge_canny | Params: {'low': 100, 'high': 200} | Time: 0.0010s | Status: SUCCESS
2026-03-28 19:38:19,365 [INFO] CV_Playground: Algorithm: Edge_canny | Params: {'low': 100, 'high': 200} | Time: 0.0010s | Status: SUCCESS
2026-03-28 19:38:19,528 [INFO] CV_Playground: Algorithm: Edge_canny | Params: {'low': 100, 'high': 200} | Time: 0.0037s | Status: SUCCESS
2026-03-28 19:38:19,652 [INFO] CV_Playground: Algorithm: Edge_canny | Params: {'low': 100, 'high': 200} | Time: 0.0020s | Status: SUCCESS
2026-03-28 19:38:19,790 [INFO] CV_Playground: Algorithm: Edge_canny | Params: {'low': 100, 'high': 200} | Time: 0.0030s | Status: SUCCESS
2026-03-28 19:38:19,942 [INFO] CV_Playground: Algorithm: Edge_canny | Params: {'low': 100, 'high': 200} | Time: 0.0020s | Status: SUCCESS
2026-03-28 19:38:20,090 [INFO] CV_Playground: Algorithm: Edge_canny | Params: {'low': 100, 'high': 200} | Time: 0.0020s | Status: SUCCESS
2026-03-28 19:38:20,239 [INFO] CV_Playground: Algorithm: Edge_canny | Params: {'low': 100, 'high': 200} | Time: 0.0010s | Status: SUCCESS
2026-03-28 19:38:20,430 [INFO] CV_Playground: Algorithm: Edge_canny | Params: {'low': 100, 'high': 200} | Time: 0.0028s | Status: SUCCESS
2026-03-28 19:38:20,547 [INFO] CV_Playground: Algorithm: Edge_canny | Params: {'low': 100, 'high': 200} | Time: 0.0000s | Status: SUCCESS
2026-03-28 19:38:20,697 [INFO] CV_Playground: Algorithm: Edge_canny | Params: {'low': 100, 'high': 200} | Time: 0.0021s | Status: SUCCESS
2026-03-28 19:38:20,887 [INFO] CV_Playground: Algorithm: Edge_canny | Params: {'low': 100, 'high': 200} | Time: 0.0030s | Status: SUCCESS
2026-03-28 19:38:21,008 [INFO] CV_Playground: Algorithm: Edge_canny | Params: {'low': 100, 'high': 200} | Time: 0.0017s | Status: SUCCESS
2026-03-28 19:38:22,222 [INFO] CV_Playground: Algorithm: ObjectDetection_YOLO | Params: {'objects': 2} | Time: 1.0733s | Status: SUCCESS
2026-03-28 19:38:23,404 [INFO] CV_Playground: Algorithm: ObjectDetection_YOLO | Params: {'objects': 1} | Time: 0.9991s | Status: SUCCESS
2026-03-28 19:38:24,450 [INFO] CV_Playground: Algorithm: ObjectDetection_YOLO | Params: {'objects': 2} | Time: 1.0287s | Status: SUCCESS
2026-03-28 19:38:25,563 [INFO] CV_Playground: Algorithm: ObjectDetection_YOLO | Params: {'objects': 2} | Time: 1.0796s | Status: SUCCESS
2026-03-28 19:38:26,642 [INFO] CV_Playground: Algorithm: ObjectDetection_YOLO | Params: {'objects': 1} | Time: 1.0522s | Status: SUCCESS
2026-03-28 19:38:27,731 [INFO] CV_Playground: Algorithm: ObjectDetection_YOLO | Params: {'objects': 1} | Time: 1.0618s | Status: SUCCESS
2026-03-28 19:38:28,716 [INFO] CV_Playground: Algorithm: ObjectDetection_YOLO | Params: {'objects': 1} | Time: 0.9689s | Status: SUCCESS
2026-03-28 19:38:29,742 [INFO] CV_Playground: Algorithm: ObjectDetection_YOLO | Params: {'objects': 1} | Time: 1.0016s | Status: SUCCESS
2026-03-28 19:38:30,763 [INFO] CV_Playground: Algorithm: ObjectDetection_YOLO | Params: {'objects': 1} | Time: 0.9937s | Status: SUCCESS
2026-03-28 19:38:32,582 [INFO] CV_Playground: Algorithm: ObjectDetection_YOLO | Params: {'objects': 1} | Time: 0.9900s | Status: SUCCESS
2026-03-28 19:38:33,599 [INFO] CV_Playground: Algorithm: ObjectDetection_YOLO | Params: {'objects': 2} | Time: 0.9943s | Status: SUCCESS
2026-03-28 19:38:34,584 [INFO] CV_Playground: Algorithm: ObjectDetection_YOLO | Params: {'objects': 1} | Time: 0.9641s | Status: SUCCESS
2026-03-28 19:38:35,594 [INFO] CV_Playground: Algorithm: ObjectDetection_YOLO | Params: {'objects': 1} | Time: 0.9839s | Status: SUCCESS
2026-03-28 19:38:36,615 [INFO] CV_Playground: Algorithm: ObjectDetection_YOLO | Params: {'objects': 1} | Time: 0.9954s | Status: SUCCESS
2026-03-28 19:38:37,613 [INFO] CV_Playground: Algorithm: ObjectDetection_YOLO | Params: {'objects': 1} | Time: 0.9738s | Status: SUCCESS
2026-03-28 19:38:38,635 [INFO] CV_Playground: Algorithm: ObjectDetection_YOLO | Params: {'objects': 2} | Time: 0.9951s | Status: SUCCESS
2026-03-28 19:38:39,655 [INFO] CV_Playground: Algorithm: ObjectDetection_YOLO | Params: {'objects': 1} | Time: 0.9992s | Status: SUCCESS
2026-03-28 19:38:40,802 [INFO] CV_Playground: Algorithm: ObjectDetection_YOLO | Params: {'objects': 1} | Time: 1.1226s | Status: SUCCESS
2026-03-28 19:38:42,338 [INFO] CV_Playground: Algorithm: ObjectDetection_YOLO | Params: {'objects': 1} | Time: 1.5114s | Status: SUCCESS
